<?xml version="1.0" encoding="UTF-8"?>
<!-- Generated by org.testng.reporters.JUnitXMLReporter -->
<testsuite hostname="DESKTOP-JTO9J50" ignored="0" name="Default test" tests="8" failures="0" timestamp="06 вер. 2017 21:44:40 GMT" time="98.21" errors="0">
  <testcase name="testCancelDelettingByCancelButton" time="5.277" classname="com.example.selenium.ide.tests.regres.SubclassDeleteTest"/>
  <testcase name="testCancelDelettingBySystem" time="1.96" classname="com.example.selenium.ide.tests.regres.SubclassDeleteTest"/>
  <testcase name="testCancelDelettingByX" time="0.829" classname="com.example.selenium.ide.tests.regres.SubclassDeleteTest"/>
  <testcase name="testConfirmMessageAppear" time="0.837" classname="com.example.selenium.ide.tests.regres.SubclassDeleteTest"/>
  <testcase name="testDeleteByOkButton" time="10.783" classname="com.example.selenium.ide.tests.regres.SubclassDeleteTest"/>
  <testcase name="testCourseUSD" time="24.759" classname="com.example.selenium.ide.tests.DollarCourse"/>
  <testcase name="testDayclass" time="14.802" classname="com.example.selenium.ide.tests.HaveClassTodayTest"/>
  <testcase name="testSchedule" time="14.926" classname="com.example.selenium.ide.tests.ScheduleTest"/>
</testsuite> <!-- Default test -->
